 Copyright (C) 1995-2017 - All Rights Reserved
 University Corporation for Atmospheric Research
 NCAR Command Language Version 6.4.0
 The use of this software is governed by a License Agreement.
 See http://www.ncl.ucar.edu/ for more details.
warning:Attempt to reference attribute (_FillValue) which is undefined
warning:Attempt to reference attribute (_FillValue) which is undefined


Variable: vars
Type: string
Total Size: 144 bytes
            18 values
Number of Dimensions: 1
Dimensions and sizes:	[18]
Coordinates: 
(0)	lon
(1)	lat
(2)	p
(3)	U
(4)	V
(5)	Q
(6)	T
(7)	TH
(8)	THE
(9)	DIST
(10)	DIST0
(11)	HEAD
(12)	DANGLE
(13)	RELVORT
(14)	R_EIGVAL1
(15)	R_EIGVAL2
(16)	I_EIGVAL1
(17)	I_EIGVAL2


Variable: ndims
Type: integer
Total Size: 20 bytes
            5 values
Number of Dimensions: 1
Dimensions and sizes:	[5]
Coordinates: 
(0)	3605
(1)	1
(2)	1
(3)	73
(4)	6
fatal:syntax error: line 203 in file check_tracjectory.ncl before or near end 
end
--^

fatal:error in statement
input in flex scanner failed
