20170713_12

// global attributes:
		:domxmin = 2.138662e-41f ;
		:domxmax = -9.423646e-25f ;
		:domymin = 0.f ;
		:domymax = 4.591635e-41f ;
		:domzmin = -242628.1f ;
		:domzmax = -340008.f ;
		:constants_file_name = "lsl_20170713_12.4_cst" ;
}
<xarray.DataArray 'BASEDATE' (dimz_lon: 1, dimy_lon: 1, dimx_BASEDATE: 6)>
array([[[2017.,    7.,   13.,   12.,    0.,  720.]]], dtype=float32)
Coordinates:
    time     float32 0.0
Dimensions without coordinates: dimz_lon, dimy_lon, dimx_BASEDATE
Attributes:
    xmin:          0.0
    xmax:          0.0
    xstag:         0.0
    ymin:          0.0
    ymax:          0.0
    ystag:         0.0
    zmin:          0.0
    zmax:          0.0
    zstag:         0.0
    missing_data:  -999.99
282464
13
<class 'netCDF4._netCDF4.Dataset'>
root group (NETCDF4_CLASSIC data model, file format HDF5):
    dimensions(sizes): 
    variables(dimensions): 
    groups: 

('latitude', <class 'netCDF4._netCDF4.Dimension'>: name = 'latitude', size = 121
)
('longitude', <class 'netCDF4._netCDF4.Dimension'>: name = 'longitude', size = 221
)
('level', <class 'netCDF4._netCDF4.Dimension'>: name = 'level', size = 11
)
('time', <class 'netCDF4._netCDF4.Dimension'> (unlimited): name = 'time', size = 0
)
('dimx_BASEDATE', <class 'netCDF4._netCDF4.Dimension'>: name = 'dimx_BASEDATE', size = 6
)
OWLAG value data
<class 'netCDF4._netCDF4.Dataset'>
root group (NETCDF4_CLASSIC data model, file format HDF5):
    title: OWLAG value data
    subtitle: My model data subtitle
    anything: Write anything
    dimensions(sizes): latitude(121), longitude(221), level(11), time(0), dimx_BASEDATE(6)
    variables(dimensions): float32 [4mlatitude[0m(latitude), float32 [4mlongitude[0m(longitude), float32 [4mlevel[0m(level), float64 [4mtime[0m(time), float64 [4mreig1[0m(level,latitude,longitude), float64 [4mieig1[0m(level,latitude,longitude), int32 [4mBASEDATE[0m(dimx_BASEDATE)
    groups: 

Dataset is closed!
20170713_18

// global attributes:
		:domxmin = 2.516172e-41f ;
		:domxmax = -5.089678e+20f ;
		:domymin = 0.f ;
		:domymax = 4.591495e-41f ;
		:domzmin = 1.670986e-30f ;
		:domzmax = 2.374527e-30f ;
		:constants_file_name = "lsl_20170713_18.4_cst" ;
}
<xarray.DataArray 'BASEDATE' (dimz_lon: 1, dimy_lon: 1, dimx_BASEDATE: 6)>
array([[[2017.,    7.,   13.,   18.,    0.,  720.]]], dtype=float32)
Coordinates:
    time     float32 0.0
Dimensions without coordinates: dimz_lon, dimy_lon, dimx_BASEDATE
Attributes:
    xmin:          0.0
    xmax:          0.0
    xstag:         0.0
    ymin:          0.0
    ymax:          0.0
    ystag:         0.0
    zmin:          0.0
    zmax:          0.0
    zstag:         0.0
    missing_data:  -999.99
282636
13
<class 'netCDF4._netCDF4.Dataset'>
root group (NETCDF4_CLASSIC data model, file format HDF5):
    dimensions(sizes): 
    variables(dimensions): 
    groups: 

('latitude', <class 'netCDF4._netCDF4.Dimension'>: name = 'latitude', size = 121
)
('longitude', <class 'netCDF4._netCDF4.Dimension'>: name = 'longitude', size = 221
)
('level', <class 'netCDF4._netCDF4.Dimension'>: name = 'level', size = 11
)
('time', <class 'netCDF4._netCDF4.Dimension'> (unlimited): name = 'time', size = 0
)
('dimx_BASEDATE', <class 'netCDF4._netCDF4.Dimension'>: name = 'dimx_BASEDATE', size = 6
)
OWLAG value data
<class 'netCDF4._netCDF4.Dataset'>
root group (NETCDF4_CLASSIC data model, file format HDF5):
    title: OWLAG value data
    subtitle: My model data subtitle
    anything: Write anything
    dimensions(sizes): latitude(121), longitude(221), level(11), time(0), dimx_BASEDATE(6)
    variables(dimensions): float32 [4mlatitude[0m(latitude), float32 [4mlongitude[0m(longitude), float32 [4mlevel[0m(level), float64 [4mtime[0m(time), float64 [4mreig1[0m(level,latitude,longitude), float64 [4mieig1[0m(level,latitude,longitude), int32 [4mBASEDATE[0m(dimx_BASEDATE)
    groups: 

Dataset is closed!
20170714_00

// global attributes:
		:domxmin = 2.888356e-41f ;
		:domxmax = 2.866424e-33f ;
		:domymin = 0.f ;
		:domymax = 4.591354e-41f ;
		:domzmin = 9.254012e+33f ;
		:domzmax = 1.275415e+34f ;
		:constants_file_name = "lsl_20170714_00.4_cst" ;
}
<xarray.DataArray 'BASEDATE' (dimz_lon: 1, dimy_lon: 1, dimx_BASEDATE: 6)>
array([[[2017.,    7.,   14.,    0.,    0.,  720.]]], dtype=float32)
Coordinates:
    time     float32 0.0
Dimensions without coordinates: dimz_lon, dimy_lon, dimx_BASEDATE
Attributes:
    xmin:          0.0
    xmax:          0.0
    xstag:         0.0
    ymin:          0.0
    ymax:          0.0
    ystag:         0.0
    zmin:          0.0
    zmax:          0.0
    zstag:         0.0
    missing_data:  -999.99
282649
13
<class 'netCDF4._netCDF4.Dataset'>
root group (NETCDF4_CLASSIC data model, file format HDF5):
    dimensions(sizes): 
    variables(dimensions): 
    groups: 

('latitude', <class 'netCDF4._netCDF4.Dimension'>: name = 'latitude', size = 121
)
('longitude', <class 'netCDF4._netCDF4.Dimension'>: name = 'longitude', size = 221
)
('level', <class 'netCDF4._netCDF4.Dimension'>: name = 'level', size = 11
)
('time', <class 'netCDF4._netCDF4.Dimension'> (unlimited): name = 'time', size = 0
)
('dimx_BASEDATE', <class 'netCDF4._netCDF4.Dimension'>: name = 'dimx_BASEDATE', size = 6
)
OWLAG value data
<class 'netCDF4._netCDF4.Dataset'>
root group (NETCDF4_CLASSIC data model, file format HDF5):
    title: OWLAG value data
    subtitle: My model data subtitle
    anything: Write anything
    dimensions(sizes): latitude(121), longitude(221), level(11), time(0), dimx_BASEDATE(6)
    variables(dimensions): float32 [4mlatitude[0m(latitude), float32 [4mlongitude[0m(longitude), float32 [4mlevel[0m(level), float64 [4mtime[0m(time), float64 [4mreig1[0m(level,latitude,longitude), float64 [4mieig1[0m(level,latitude,longitude), int32 [4mBASEDATE[0m(dimx_BASEDATE)
    groups: 

Dataset is closed!
20170714_06

// global attributes:
		:domxmin = 3.261943e-41f ;
		:domxmax = 2.381717e-23f ;
		:domymin = 0.f ;
		:domymax = 4.591495e-41f ;
		:domzmin = 4.948265e-41f ;
		:domzmax = 3.428586e-16f ;
		:constants_file_name = "lsl_20170714_06.4_cst" ;
}
<xarray.DataArray 'BASEDATE' (dimz_lon: 1, dimy_lon: 1, dimx_BASEDATE: 6)>
array([[[2017.,    7.,   14.,    6.,    0.,  720.]]], dtype=float32)
Coordinates:
    time     float32 0.0
Dimensions without coordinates: dimz_lon, dimy_lon, dimx_BASEDATE
Attributes:
    xmin:          0.0
    xmax:          0.0
    xstag:         0.0
    ymin:          0.0
    ymax:          0.0
    ystag:         0.0
    zmin:          0.0
    zmax:          0.0
    zstag:         0.0
    missing_data:  -999.99
282480
13
<class 'netCDF4._netCDF4.Dataset'>
root group (NETCDF4_CLASSIC data model, file format HDF5):
    dimensions(sizes): 
    variables(dimensions): 
    groups: 

('latitude', <class 'netCDF4._netCDF4.Dimension'>: name = 'latitude', size = 121
)
('longitude', <class 'netCDF4._netCDF4.Dimension'>: name = 'longitude', size = 221
)
('level', <class 'netCDF4._netCDF4.Dimension'>: name = 'level', size = 11
)
('time', <class 'netCDF4._netCDF4.Dimension'> (unlimited): name = 'time', size = 0
)
('dimx_BASEDATE', <class 'netCDF4._netCDF4.Dimension'>: name = 'dimx_BASEDATE', size = 6
)
OWLAG value data
<class 'netCDF4._netCDF4.Dataset'>
root group (NETCDF4_CLASSIC data model, file format HDF5):
    title: OWLAG value data
    subtitle: My model data subtitle
    anything: Write anything
    dimensions(sizes): latitude(121), longitude(221), level(11), time(0), dimx_BASEDATE(6)
    variables(dimensions): float32 [4mlatitude[0m(latitude), float32 [4mlongitude[0m(longitude), float32 [4mlevel[0m(level), float64 [4mtime[0m(time), float64 [4mreig1[0m(level,latitude,longitude), float64 [4mieig1[0m(level,latitude,longitude), int32 [4mBASEDATE[0m(dimx_BASEDATE)
    groups: 

Dataset is closed!
20170714_12

// global attributes:
		:domxmin = 3.661873e-41f ;
		:domxmax = 0.f ;
		:domymin = 0.f ;
		:domymax = 0.f ;
		:domzmin = 9.095359e-32f ;
		:domzmax = 2.293688e-29f ;
		:constants_file_name = "lsl_20170714_12.4_cst" ;
}
<xarray.DataArray 'BASEDATE' (dimz_lon: 1, dimy_lon: 1, dimx_BASEDATE: 6)>
array([[[2017.,    7.,   14.,   12.,    0.,  720.]]], dtype=float32)
Coordinates:
    time     float32 0.0
Dimensions without coordinates: dimz_lon, dimy_lon, dimx_BASEDATE
Attributes:
    xmin:          0.0
    xmax:          0.0
    xstag:         0.0
    ymin:          0.0
    ymax:          0.0
    ystag:         0.0
    zmin:          0.0
    zmax:          0.0
    zstag:         0.0
    missing_data:  -999.99
282395
13
<class 'netCDF4._netCDF4.Dataset'>
root group (NETCDF4_CLASSIC data model, file format HDF5):
    dimensions(sizes): 
    variables(dimensions): 
    groups: 

('latitude', <class 'netCDF4._netCDF4.Dimension'>: name = 'latitude', size = 121
)
('longitude', <class 'netCDF4._netCDF4.Dimension'>: name = 'longitude', size = 221
)
('level', <class 'netCDF4._netCDF4.Dimension'>: name = 'level', size = 11
)
('time', <class 'netCDF4._netCDF4.Dimension'> (unlimited): name = 'time', size = 0
)
('dimx_BASEDATE', <class 'netCDF4._netCDF4.Dimension'>: name = 'dimx_BASEDATE', size = 6
)
OWLAG value data
<class 'netCDF4._netCDF4.Dataset'>
root group (NETCDF4_CLASSIC data model, file format HDF5):
    title: OWLAG value data
    subtitle: My model data subtitle
    anything: Write anything
    dimensions(sizes): latitude(121), longitude(221), level(11), time(0), dimx_BASEDATE(6)
    variables(dimensions): float32 [4mlatitude[0m(latitude), float32 [4mlongitude[0m(longitude), float32 [4mlevel[0m(level), float64 [4mtime[0m(time), float64 [4mreig1[0m(level,latitude,longitude), float64 [4mieig1[0m(level,latitude,longitude), int32 [4mBASEDATE[0m(dimx_BASEDATE)
    groups: 

Dataset is closed!
20170714_18

// global attributes:
		:domxmin = 4.038122e-41f ;
		:domxmax = -1.093711e+23f ;
		:domymin = 0.f ;
		:domymax = 4.591214e-41f ;
		:domzmin = 4.950507e-41f ;
		:domzmax = 155924.f ;
		:constants_file_name = "lsl_20170714_18.4_cst" ;
}
<xarray.DataArray 'BASEDATE' (dimz_lon: 1, dimy_lon: 1, dimx_BASEDATE: 6)>
array([[[2017.,    7.,   14.,   18.,    0.,  720.]]], dtype=float32)
Coordinates:
    time     float32 0.0
Dimensions without coordinates: dimz_lon, dimy_lon, dimx_BASEDATE
Attributes:
    xmin:          0.0
    xmax:          0.0
    xstag:         0.0
    ymin:          0.0
    ymax:          0.0
    ystag:         0.0
    zmin:          0.0
    zmax:          0.0
    zstag:         0.0
    missing_data:  -999.99
282626
13
<class 'netCDF4._netCDF4.Dataset'>
root group (NETCDF4_CLASSIC data model, file format HDF5):
    dimensions(sizes): 
    variables(dimensions): 
    groups: 

('latitude', <class 'netCDF4._netCDF4.Dimension'>: name = 'latitude', size = 121
)
('longitude', <class 'netCDF4._netCDF4.Dimension'>: name = 'longitude', size = 221
)
('level', <class 'netCDF4._netCDF4.Dimension'>: name = 'level', size = 11
)
('time', <class 'netCDF4._netCDF4.Dimension'> (unlimited): name = 'time', size = 0
)
('dimx_BASEDATE', <class 'netCDF4._netCDF4.Dimension'>: name = 'dimx_BASEDATE', size = 6
)
OWLAG value data
<class 'netCDF4._netCDF4.Dataset'>
root group (NETCDF4_CLASSIC data model, file format HDF5):
    title: OWLAG value data
    subtitle: My model data subtitle
    anything: Write anything
    dimensions(sizes): latitude(121), longitude(221), level(11), time(0), dimx_BASEDATE(6)
    variables(dimensions): float32 [4mlatitude[0m(latitude), float32 [4mlongitude[0m(longitude), float32 [4mlevel[0m(level), float64 [4mtime[0m(time), float64 [4mreig1[0m(level,latitude,longitude), float64 [4mieig1[0m(level,latitude,longitude), int32 [4mBASEDATE[0m(dimx_BASEDATE)
    groups: 

Dataset is closed!
20170715_00

// global attributes:
		:domxmin = 4.415351e-41f ;
		:domxmax = 2.613198e+19f ;
		:domymin = 0.f ;
		:domymax = 4.591495e-41f ;
		:domzmin = 4.007386e+15f ;
		:domzmax = 5.527709e+15f ;
		:constants_file_name = "lsl_20170715_00.4_cst" ;
}
<xarray.DataArray 'BASEDATE' (dimz_lon: 1, dimy_lon: 1, dimx_BASEDATE: 6)>
array([[[2017.,    7.,   15.,    0.,    0.,  720.]]], dtype=float32)
Coordinates:
    time     float32 0.0
Dimensions without coordinates: dimz_lon, dimy_lon, dimx_BASEDATE
Attributes:
    xmin:          0.0
    xmax:          0.0
    xstag:         0.0
    ymin:          0.0
    ymax:          0.0
    ystag:         0.0
    zmin:          0.0
    zmax:          0.0
    zstag:         0.0
    missing_data:  -999.99
282684
13
<class 'netCDF4._netCDF4.Dataset'>
root group (NETCDF4_CLASSIC data model, file format HDF5):
    dimensions(sizes): 
    variables(dimensions): 
    groups: 

('latitude', <class 'netCDF4._netCDF4.Dimension'>: name = 'latitude', size = 121
)
('longitude', <class 'netCDF4._netCDF4.Dimension'>: name = 'longitude', size = 221
)
('level', <class 'netCDF4._netCDF4.Dimension'>: name = 'level', size = 11
)
('time', <class 'netCDF4._netCDF4.Dimension'> (unlimited): name = 'time', size = 0
)
('dimx_BASEDATE', <class 'netCDF4._netCDF4.Dimension'>: name = 'dimx_BASEDATE', size = 6
)
OWLAG value data
<class 'netCDF4._netCDF4.Dataset'>
root group (NETCDF4_CLASSIC data model, file format HDF5):
    title: OWLAG value data
    subtitle: My model data subtitle
    anything: Write anything
    dimensions(sizes): latitude(121), longitude(221), level(11), time(0), dimx_BASEDATE(6)
    variables(dimensions): float32 [4mlatitude[0m(latitude), float32 [4mlongitude[0m(longitude), float32 [4mlevel[0m(level), float64 [4mtime[0m(time), float64 [4mreig1[0m(level,latitude,longitude), float64 [4mieig1[0m(level,latitude,longitude), int32 [4mBASEDATE[0m(dimx_BASEDATE)
    groups: 

Dataset is closed!
20170715_06

// global attributes:
		:domxmin = 3.885009e-38f ;
		:domxmax = 6.634429e-38f ;
		:domymin = 2.350989e-38f ;
		:domymax = 0.f ;
		:domzmin = -7.147363e+36f ;
		:domzmax = 1.547842e-38f ;
		:constants_file_name = "lsl_20170715_06.4_cst" ;
}
<xarray.DataArray 'BASEDATE' (dimz_lon: 1, dimy_lon: 1, dimx_BASEDATE: 6)>
array([[[2017.,    7.,   15.,    6.,    0.,  720.]]], dtype=float32)
Coordinates:
    time     float32 0.0
Dimensions without coordinates: dimz_lon, dimy_lon, dimx_BASEDATE
Attributes:
    xmin:          0.0
    xmax:          0.0
    xstag:         0.0
    ymin:          0.0
    ymax:          0.0
    ystag:         0.0
    zmin:          0.0
    zmax:          0.0
    zstag:         0.0
    missing_data:  -999.99
282410
13
<class 'netCDF4._netCDF4.Dataset'>
root group (NETCDF4_CLASSIC data model, file format HDF5):
    dimensions(sizes): 
    variables(dimensions): 
    groups: 

('latitude', <class 'netCDF4._netCDF4.Dimension'>: name = 'latitude', size = 121
)
('longitude', <class 'netCDF4._netCDF4.Dimension'>: name = 'longitude', size = 221
)
('level', <class 'netCDF4._netCDF4.Dimension'>: name = 'level', size = 11
)
('time', <class 'netCDF4._netCDF4.Dimension'> (unlimited): name = 'time', size = 0
)
('dimx_BASEDATE', <class 'netCDF4._netCDF4.Dimension'>: name = 'dimx_BASEDATE', size = 6
)
OWLAG value data
<class 'netCDF4._netCDF4.Dataset'>
root group (NETCDF4_CLASSIC data model, file format HDF5):
    title: OWLAG value data
    subtitle: My model data subtitle
    anything: Write anything
    dimensions(sizes): latitude(121), longitude(221), level(11), time(0), dimx_BASEDATE(6)
    variables(dimensions): float32 [4mlatitude[0m(latitude), float32 [4mlongitude[0m(longitude), float32 [4mlevel[0m(level), float64 [4mtime[0m(time), float64 [4mreig1[0m(level,latitude,longitude), float64 [4mieig1[0m(level,latitude,longitude), int32 [4mBASEDATE[0m(dimx_BASEDATE)
    groups: 

Dataset is closed!
