221 121 11
1100
I am process 12 of 16 running from 828 to 896
32
221 121 11
1100
I am process 8 of 16 running from 552 to 621
32
221 121 11
1100
I am process 11 of 16 running from 759 to 828
32
221 121 11
1100
I am process 7 of 16 running from 483 to 552
32
221 121 11
1100
I am process 13 of 16 running from 896 to 964
32
221 121 11
1100
I am process 10 of 16 running from 690 to 759
32
221 121 11
1100
I am process 9 of 16 running from 621 to 690
32
221 121 11
1100
I am process 6 of 16 running from 414 to 483
32
221 121 11
1100
I am process 5 of 16 running from 345 to 414
32
221 121 11
1100
I am process 3 of 16 running from 207 to 276
32
221 121 11
1100
I am process 2 of 16 running from 138 to 207
32
2 138 107.37860438292965 6.416378316032295
2 139 107.13508557457213 15.460982070089651
221 121 11
1100
I am process 15 of 16 running from 1032 to 1100
32
15 1032 108.65 27.67222222222222
221 121 11
1100
I am process 14 of 16 running from 964 to 1032
32
14 964 108.72179487179487 27.76923076923077
221 121 11
1100
I am process 4 of 16 running from 276 to 345
32
4 276 108.06 15.354
221 121 11
1100
I am process 1 of 16 running from 69 to 138
32
1 69 100.23884514435696 7.042650918635171
221 121 11
1100
1100
I am process 0 of 16 running from 0 to 69
32
0 0 92.33579335793358 8.415129151291513
0 1 94.36406619385343 11.420212765957446
0 2 113.4952380952381 18.545238095238098
0 3 115.64874551971327 21.871863799283155
0 4 116.84171075837742 24.88183421516755
0 5 92.30173611111111 8.335416666666667
0 6 94.35740740740741 11.412345679012347
0 7 113.45454545454545 18.583333333333332
0 8 115.50816993464053 21.81699346405229
0 9 116.90819209039547 24.916195856873824
0 10 91.56060606060606 9.878787878787879
0 11 92.37375 8.033333333333333
0 12 94.33939393939394 11.395454545454545
