221 121 11
534
I am process 1 of 16 running from 34 to 68
32
221 121 11
534
I am process 8 of 16 running from 270 to 303
32
221 121 11
534
I am process 12 of 16 running from 402 to 435
32
221 121 11
534
I am process 11 of 16 running from 369 to 402
32
221 121 11
534
I am process 15 of 16 running from 501 to 534
32
221 121 11
534
I am process 13 of 16 running from 435 to 468
32
221 121 11
534
I am process 14 of 16 running from 468 to 501
32
221 121 11
534
I am process 3 of 16 running from 102 to 136
32
221 121 11
534
I am process 7 of 16 running from 237 to 270
32
7 237 117.4375 15.0
221 121 11
534
I am process 6 of 16 running from 204 to 237
32
6 204 111.22222222222223 10.708333333333334
6 205 117.92876344086021 14.809139784946236
221 121 11
1143
I am process 4 of 16 running from 288 to 360
32
4 288 108.03092068774265 26.17498613422074
4 289 108.22592592592594 14.36111111111111
4 290 108.48125 15.695833333333335
221 121 11
534
I am process 2 of 16 running from 68 to 102
32
2 68 92.16757741347907 27.040528233151186
2 69 112.08823529411765 5.022058823529412
221 121 11
534
I am process 4 of 16 running from 136 to 170
32
4 136 91.6181592039801 9.562189054726367
4 137 92.38505747126436 27.183908045977013
221 121 11
1143
1143
I am process 0 of 16 running from 0 to 72
32
0 0 95.01804541768045 7.8392133008921325
0 1 116.66666666666666 22.476190476190478
0 2 118.53543307086615 28.016404199475065
221 121 11
534
I am process 5 of 16 running from 170 to 204
32
5 170 110.83823529411765 10.622549019607844
5 171 118.11076604554864 14.91407867494824
221 121 11
534
534
I am process 0 of 16 running from 0 to 34
32
0 0 93.63422391857507 20.943066157760814
221 121 11
1143
I am process 6 of 16 running from 432 to 504
32
6 432 108.05919003115265 26.215732087227416
221 121 11
1143
I am process 5 of 16 running from 360 to 432
32
5 360 107.96937751004016 26.14206827309237
221 121 11
534
I am process 10 of 16 running from 336 to 369
32
10 336 105.31863905325444 24.316765285996055
221 121 11
534
I am process 9 of 16 running from 303 to 336
32
9 303 104.81081801225687 23.86390887290168
221 121 11
1143
I am process 2 of 16 running from 144 to 216
32
2 144 107.05435938330675 11.89655325181641
