Traceback (most recent call last):
  File "lay_filtered_core.py", line 30, in <module>
    df = pd.read_excel(cdir + "label_first_%s.xlsx" %rv_date, engine = 'openpyxl')
  File "/home/truongnm/.local/lib/python3.6/site-packages/pandas/util/_decorators.py", line 296, in wrapper
    return func(*args, **kwargs)
  File "/home/truongnm/.local/lib/python3.6/site-packages/pandas/io/excel/_base.py", line 304, in read_excel
    io = ExcelFile(io, engine=engine)
  File "/home/truongnm/.local/lib/python3.6/site-packages/pandas/io/excel/_base.py", line 867, in __init__
    self._reader = self._engines[engine](self._io)
  File "/home/truongnm/.local/lib/python3.6/site-packages/pandas/io/excel/_openpyxl.py", line 479, in __init__
    import_optional_dependency("openpyxl")
  File "/home/truongnm/.local/lib/python3.6/site-packages/pandas/compat/_optional.py", line 107, in import_optional_dependency
    module = importlib.import_module(name)
  File "/work/apps/gnu_4.8.5/anaconda3/5.1.0/lib/python3.6/importlib/__init__.py", line 126, in import_module
    return _bootstrap._gcd_import(name[level:], package, level)
  File "<frozen importlib._bootstrap>", line 994, in _gcd_import
  File "<frozen importlib._bootstrap>", line 971, in _find_and_load
  File "<frozen importlib._bootstrap>", line 955, in _find_and_load_unlocked
  File "<frozen importlib._bootstrap>", line 665, in _load_unlocked
  File "<frozen importlib._bootstrap_external>", line 678, in exec_module
  File "<frozen importlib._bootstrap>", line 219, in _call_with_frames_removed
  File "/home/truongnm/.local/lib/python3.6/site-packages/openpyxl/__init__.py", line 6, in <module>
    from openpyxl.workbook import Workbook
  File "/home/truongnm/.local/lib/python3.6/site-packages/openpyxl/workbook/__init__.py", line 4, in <module>
    from .workbook import Workbook
  File "/home/truongnm/.local/lib/python3.6/site-packages/openpyxl/workbook/workbook.py", line 17, in <module>
    from openpyxl.writer.excel import save_workbook
  File "/home/truongnm/.local/lib/python3.6/site-packages/openpyxl/writer/excel.py", line 29, in <module>
    from openpyxl.drawing.spreadsheet_drawing import SpreadsheetDrawing
  File "/home/truongnm/.local/lib/python3.6/site-packages/openpyxl/drawing/spreadsheet_drawing.py", line 31, in <module>
    from openpyxl.chart._chart import ChartBase
  File "/home/truongnm/.local/lib/python3.6/site-packages/openpyxl/chart/__init__.py", line 3, in <module>
    from .area_chart import AreaChart, AreaChart3D
  File "/home/truongnm/.local/lib/python3.6/site-packages/openpyxl/chart/area_chart.py", line 20, in <module>
    from ._chart import ChartBase
  File "/home/truongnm/.local/lib/python3.6/site-packages/openpyxl/chart/_chart.py", line 16, in <module>
    from ._3d import _3DBase
  File "/home/truongnm/.local/lib/python3.6/site-packages/openpyxl/chart/_3d.py", line 11, in <module>
    from .marker import PictureOptions
  File "/home/truongnm/.local/lib/python3.6/site-packages/openpyxl/chart/marker.py", line 23, in <module>
    from .shapes import *
  File "/home/truongnm/.local/lib/python3.6/site-packages/openpyxl/chart/shapes.py", line 14, in <module>
    from openpyxl.drawing.geometry import (
  File "/home/truongnm/.local/lib/python3.6/site-packages/openpyxl/drawing/geometry.py", line 295, in <module>
    class Bevel(Serialisable):
  File "/home/truongnm/.local/lib/python3.6/site-packages/openpyxl/drawing/geometry.py", line 304, in Bevel
    'hardEdge', 'artDeco']
  File "/home/truongnm/.local/lib/python3.6/site-packages/openpyxl/descriptors/base.py", line 137, in __init__
    super(NoneSet, self).__init__(name, **kw)
KeyboardInterrupt
